<?xml version="1.0" encoding="UTF-8"?>
<testsuite name="InjectedTest" time="3.75" tests="7" errors="0" skipped="0" failures="0">
  <properties>
[...]
</properties>
  <testcase name="index.jelly" classname="org.jvnet.hudson.test.JellyTestSuiteBuilder$JellyCheck" time="0.157"/>
  <testcase name="ivanandrianto\yaft_report\YAFTPluginBuildAction\summary.jelly" classname="org.jvnet.hudson.test.JellyTestSuiteBuilder$JellyCheck" time="0.187"/>
  <testcase name="ivanandrianto\yaft_report\YAFTPluginProjectAction\index.jelly" classname="org.jvnet.hudson.test.JellyTestSuiteBuilder$JellyCheck" time="1.094"/>
  <testcase name="ivanandrianto\yaft_report\YAFTPluginPublisher\config.jelly" classname="org.jvnet.hudson.test.JellyTestSuiteBuilder$JellyCheck" time="0.469"/>
  <testcase name="style\buildSummaryCss.jelly" classname="org.jvnet.hudson.test.JellyTestSuiteBuilder$JellyCheck" time="0.015"/>
  <testcase name="org.jvnet.hudson.test.JellyTestSuiteBuilder$JellyTestSuite" classname="org.jvnet.hudson.test.junit.FailedTest" time="0"/>
  <testcase name="testCliSanity" classname="org.jvnet.hudson.test.PluginAutomaticTestBuilder$CliSanityTest" time="1.828"/>
</testsuite>